<?xml version="1.0" encoding="UTF-8"?>
<testsuite xmlns:xsi="http://www.w3.org/2001/XMLSchema-instance" xsi:noNamespaceSchemaLocation="https://maven.apache.org/surefire/maven-surefire-plugin/xsd/surefire-test-report-3.0.xsd" version="3.0" name="CucumberOptions.TestRunner" time="32.778" tests="3" errors="0" skipped="0" failures="0">
  <properties>
[...]
</properties>
  <testcase name="runScenario[&quot;enter details, assert and switch window&quot;, &quot;Flight booking page handling&quot;](1)" classname="CucumberOptions.TestRunner" time="26.053">
    <system-out><![CDATA[
@Regressiontest
Scenario Outline: enter details, assert and switch window # src/test/java/features/project_1.feature:23

@smoketest
Scenario: enter details, then search and handle pop up # src/test/java/features/project_1.feature:4

@Regressiontest
Scenario Outline: enter details, assert and switch window # src/test/java/features/project_1.feature:22
  Given user is on website home page                      # StepDefinitions.Step_definition_1.launch_website()
Type to Select
Date is enabled
  When I search with India and enter details              # StepDefinitions.Step_definition_1.enter_details(java.lang.String)
1
  Then handle pop up and enter 3 members                  # StepDefinitions.Step_definition_1.validate_entries(int)
  Given user is on website home page                   # StepDefinitions.Step_definition_1.launch_website()
Not Found
Not Found
Type to Select
Date is enabled
  When I search with INDIA and enter details           # StepDefinitions.Step_definition_1.enter_details(java.lang.String)
  Given user is on website home page                      # StepDefinitions.Step_definition_1.launch_website()
Type to Select
  And switch between handles                              # StepDefinitions.Step_definition_1.switch_window()
]]></system-out>
    <system-err><![CDATA[Apr 09, 2025 3:22:08 PM org.openqa.selenium.devtools.CdpVersionFinder findNearestMatch
WARNING: Unable to find CDP implementation matching 135
Apr 09, 2025 3:22:08 PM org.openqa.selenium.chromium.ChromiumDriver lambda$new$5
WARNING: Unable to find version of CDP to use for 135.0.7049.84. You may need to include a dependency on a specific version of the CDP using something similar to `org.seleniumhq.selenium:selenium-devtools-v86:4.26.0` where the version ("v86") matches the version of the chromium-based browser you're using and the version number of the artifact is the same as Selenium's.
Apr 09, 2025 3:22:08 PM org.openqa.selenium.devtools.CdpVersionFinder findNearestMatch
WARNING: Unable to find CDP implementation matching 135
Apr 09, 2025 3:22:08 PM org.openqa.selenium.chromium.ChromiumDriver lambda$new$5
WARNING: Unable to find version of CDP to use for 135.0.7049.84. You may need to include a dependency on a specific version of the CDP using something similar to `org.seleniumhq.selenium:selenium-devtools-v86:4.26.0` where the version ("v86") matches the version of the chromium-based browser you're using and the version number of the artifact is the same as Selenium's.
Apr 09, 2025 3:22:09 PM org.openqa.selenium.devtools.CdpVersionFinder findNearestMatch
WARNING: Unable to find CDP implementation matching 135
Apr 09, 2025 3:22:09 PM org.openqa.selenium.chromium.ChromiumDriver lambda$new$5
WARNING: Unable to find version of CDP to use for 135.0.7049.84. You may need to include a dependency on a specific version of the CDP using something similar to `org.seleniumhq.selenium:selenium-devtools-v86:4.26.0` where the version ("v86") matches the version of the chromium-based browser you're using and the version number of the artifact is the same as Selenium's.
]]></system-err>
  </testcase>
  <testcase name="runScenario[&quot;enter details, then search and handle pop up&quot;, &quot;Flight booking page handling&quot;](2)" classname="CucumberOptions.TestRunner" time="26.967">
    <system-out><![CDATA[Date is enabled
  When I search with China and enter details              # StepDefinitions.Step_definition_1.enter_details(java.lang.String)
  Then Handle alert                                    # StepDefinitions.Step_definition_1.alert_handling()
]]></system-out>
  </testcase>
  <testcase name="runScenario[&quot;enter details, assert and switch window&quot;, &quot;Flight booking page handling&quot;](3)" classname="CucumberOptions.TestRunner" time="30.363">
    <system-out><![CDATA[1
  Then handle pop up and enter 4 members                  # StepDefinitions.Step_definition_1.validate_entries(int)
Not Found
Not Found
  And switch between handles                              # StepDefinitions.Step_definition_1.switch_window()
]]></system-out>
  </testcase>
</testsuite>